2014-08-30 14:21:57.974 Swapp-app[31785:70b] Multi-tasking -> Device: YES, App: YES
2014-08-30 14:21:57.989 Swapp-app[31785:70b] Unlimited access to network resources
2014-08-30 14:21:58.100 Swapp-app[31785:70b] [CDVTimer][keyboard] 0.054955ms
2014-08-30 14:21:58.100 Swapp-app[31785:70b] CDVPlugin class CDVStatusBar (pluginName: statusbar) does not exist.
2014-08-30 14:21:58.101 Swapp-app[31785:70b] [CDVTimer][statusbar] 0.445962ms
2014-08-30 14:21:58.105 Swapp-app[31785:70b] [CDVTimer][TotalPluginStartup] 4.853010ms
2014-08-30 14:21:58.292 Swapp-app[31785:70b] Resetting plugins due to page load.
2014-08-30 14:21:58.444 Swapp-app[31785:70b] Finished load of: file:///Users/amir-personal/Library/Application%20Support/iPhone%20Simulator/7.1/Applications/26704FBA-DA34-40AC-B211-922CCE51E495/Swapp-app.app/www/index.html#/app/person/me/feed
2014-08-30 14:22:00.947 Swapp-app[31785:70b] Setting the WebView's frame to {{0, 0}, {320, 436}}
2014-08-30 14:22:00.954 Swapp-app[31785:70b] THREAD WARNING: ['InAppBrowser'] took '34.289062' ms. Plugin should use a background thread.
2014-08-30 14:22:02.678 Swapp-app[31785:70b] webView:didFailLoadWithError - -999: The operation couldn’t be completed. (NSURLErrorDomain error -999.)
2014-08-30 14:52:10.499 Swapp[33907:70b] Multi-tasking -> Device: YES, App: YES
2014-08-30 14:52:10.505 Swapp[33907:70b] Unlimited access to network resources
2014-08-30 14:52:10.520 Swapp[33907:70b] [CDVTimer][keyboard] 0.060022ms
2014-08-30 14:52:10.521 Swapp[33907:70b] CDVPlugin class CDVStatusBar (pluginName: statusbar) does not exist.
2014-08-30 14:52:10.521 Swapp[33907:70b] [CDVTimer][statusbar] 0.303030ms
2014-08-30 14:52:10.521 Swapp[33907:70b] [CDVTimer][TotalPluginStartup] 1.151979ms
2014-08-30 14:52:10.606 Swapp[33907:70b] Resetting plugins due to page load.
2014-08-30 14:52:10.723 Swapp[33907:70b] Finished load of: file:///Users/amir-personal/Library/Application%20Support/iPhone%20Simulator/7.1/Applications/567C084E-4006-4DAD-A711-9BEBE86CA9DC/Swapp.app/www/index.html#/
2014-08-30 14:52:12.762 Swapp[33907:70b] FB button clicked
2014-08-30 14:52:12.780 Swapp[33907:70b] Setting the WebView's frame to {{0, 0}, {320, 436}}
2014-08-30 14:52:12.783 Swapp[33907:70b] THREAD WARNING: ['InAppBrowser'] took '20.268799' ms. Plugin should use a background thread.
2014-08-30 14:52:14.135 Swapp[33907:70b] webView:didFailLoadWithError - -999: The operation couldn’t be completed. (NSURLErrorDomain error -999.)
2014-08-30 14:52:24.136 Swapp[33907:70b] Resetting plugins due to page load.
2014-08-30 14:52:24.136 Swapp[33907:70b] IAB.close() called but it was already closed.
2014-08-30 14:52:24.137 Swapp[33907:70b] location
2014-08-30 14:52:24.188 Swapp[33907:70b] Finished load of: file:///Users/amir-personal/Library/Application%20Support/iPhone%20Simulator/7.1/Applications/567C084E-4006-4DAD-A711-9BEBE86CA9DC/Swapp.app/www/index.html#/swapp/home
2014-08-30 14:52:24.279 Swapp[33907:70b] 480 300
2014-08-30 14:52:27.813 Swapp[33907:70b] 75
2014-08-30 14:52:27.813 Swapp[33907:70b] Touch distance 750
2014-08-30 14:52:27.902 Swapp[33907:70b] 480 300
2014-08-30 14:52:27.925 Swapp[33907:70b] 480 300
2014-08-30 14:52:28.412 Swapp[33907:70b] 56
2014-08-30 14:52:28.412 Swapp[33907:70b] Touch distance 560
2014-08-30 14:52:28.485 Swapp[33907:70b] 480 300
2014-08-30 14:52:28.515 Swapp[33907:70b] 480 300
2014-08-30 14:52:28.912 Swapp[33907:70b] 250
2014-08-30 14:52:28.912 Swapp[33907:70b] Touch distance 2500
2014-08-30 14:52:28.987 Swapp[33907:70b] 480 300
2014-08-30 14:52:29.006 Swapp[33907:70b] 480 300
2014-08-30 14:52:29.395 Swapp[33907:70b] 256
2014-08-30 14:52:29.396 Swapp[33907:70b] Touch distance 2560
2014-08-30 14:52:29.476 Swapp[33907:70b] 480 300
2014-08-30 14:52:29.502 Swapp[33907:70b] 480 300
2014-08-30 14:52:29.812 Swapp[33907:70b] 255
2014-08-30 14:52:29.812 Swapp[33907:70b] Touch distance 2550
2014-08-30 14:52:29.897 Swapp[33907:70b] 480 300
2014-08-30 14:52:29.921 Swapp[33907:70b] 480 300
2014-08-30 14:52:30.230 Swapp[33907:70b] 253
2014-08-30 14:52:30.230 Swapp[33907:70b] Touch distance 2530
2014-08-30 14:52:30.318 Swapp[33907:70b] 480 300
2014-08-30 14:52:30.348 Swapp[33907:70b] 480 300
2014-08-30 14:52:30.580 Swapp[33907:70b] 248
2014-08-30 14:52:30.580 Swapp[33907:70b] Touch distance 2480
2014-08-30 14:52:30.651 Swapp[33907:70b] 480 300
2014-08-30 14:52:30.682 Swapp[33907:70b] 480 300
2014-08-30 14:52:30.930 Swapp[33907:70b] 251
2014-08-30 14:52:30.930 Swapp[33907:70b] Touch distance 2510
2014-08-30 14:52:31.016 Swapp[33907:70b] 480 300
2014-08-30 14:52:31.037 Swapp[33907:70b] 480 300
2014-08-30 14:52:31.229 Swapp[33907:70b] 241
2014-08-30 14:52:31.229 Swapp[33907:70b] Touch distance 2410
2014-08-30 14:52:31.288 Swapp[33907:70b] 480 300
2014-08-30 14:52:31.319 Swapp[33907:70b] 480 300
2014-08-30 14:52:31.429 Swapp[33907:70b] 245
2014-08-30 14:52:31.429 Swapp[33907:70b] Touch distance 2450
2014-08-30 14:52:31.488 Swapp[33907:70b] 480 300
2014-08-30 14:52:31.513 Swapp[33907:70b] 480 300
2014-08-30 14:52:31.579 Swapp[33907:70b] 246
2014-08-30 14:52:31.579 Swapp[33907:70b] Touch distance 2460
2014-08-30 14:52:31.687 Swapp[33907:70b] 480 300
2014-08-30 14:52:31.717 Swapp[33907:70b] 480 300
2014-08-30 14:52:31.779 Swapp[33907:70b] 250
2014-08-30 14:52:31.779 Swapp[33907:70b] Touch distance 2500
2014-08-30 14:52:31.852 Swapp[33907:70b] 480 300
2014-08-30 14:52:31.899 Swapp[33907:70b] 480 300
2014-08-30 14:52:31.963 Swapp[33907:70b] 245
2014-08-30 14:52:31.963 Swapp[33907:70b] Touch distance 2450
2014-08-30 14:52:32.041 Swapp[33907:70b] 480 300
2014-08-30 14:52:32.074 Swapp[33907:70b] 480 300
2014-08-30 14:52:32.129 Swapp[33907:70b] 243
2014-08-30 14:52:32.129 Swapp[33907:70b] Touch distance 2430
2014-08-30 14:52:32.227 Swapp[33907:70b] 480 300
2014-08-30 14:52:32.290 Swapp[33907:70b] 480 300
2014-08-30 14:52:32.343 Swapp[33907:70b] 63
2014-08-30 14:52:32.343 Swapp[33907:70b] Touch distance 630
2014-08-30 14:52:32.403 Swapp[33907:70b] 480 300
2014-08-30 14:52:32.439 Swapp[33907:70b] 480 300
2014-08-30 14:52:32.495 Swapp[33907:70b] 242
2014-08-30 14:52:32.495 Swapp[33907:70b] Touch distance 2420
2014-08-30 14:52:32.586 Swapp[33907:70b] 480 300
2014-08-30 14:52:32.655 Swapp[33907:70b] 480 300
2014-08-30 14:52:32.679 Swapp[33907:70b] 240
2014-08-30 14:52:32.679 Swapp[33907:70b] Touch distance 2400
2014-08-30 14:52:32.778 Swapp[33907:70b] 480 300
2014-08-30 14:52:32.822 Swapp[33907:70b] 480 300
2014-08-30 14:52:32.899 Swapp[33907:70b] 239
2014-08-30 14:52:32.899 Swapp[33907:70b] Touch distance 2390
2014-08-30 14:52:32.955 Swapp[33907:70b] 480 300
2014-08-30 14:52:33.013 Swapp[33907:70b] 480 300
2014-08-30 14:52:33.032 Swapp[33907:70b] 241
2014-08-30 14:52:33.033 Swapp[33907:70b] Touch distance 2410
2014-08-30 14:52:33.132 Swapp[33907:70b] 480 300
2014-08-30 14:52:33.170 Swapp[33907:70b] 480 300
2014-08-30 14:52:33.193 Swapp[33907:70b] 248
2014-08-30 14:52:33.193 Swapp[33907:70b] Touch distance 2480
2014-08-30 14:52:33.273 Swapp[33907:70b] 480 300
2014-08-30 14:52:33.304 Swapp[33907:70b] 480 300
2014-08-30 14:52:33.632 Swapp[33907:70b] AMIR: 20
2014-08-30 14:52:34.033 Swapp[33907:70b] AMIR: 20
2014-08-30 14:52:34.034 Swapp[33907:70b] AMIR: 20
2014-08-30 14:52:34.228 Swapp[33907:70b] 87
2014-08-30 14:52:34.228 Swapp[33907:70b] Touch distance 870
2014-08-30 14:52:35.294 Swapp[33907:70b] 480 300
2014-08-30 14:52:35.890 Swapp[33907:70b] 208
2014-08-30 14:52:35.890 Swapp[33907:70b] Touch distance 2080
2014-08-30 14:52:35.975 Swapp[33907:70b] 480 300
2014-08-30 14:52:36.473 Swapp[33907:70b] 207
2014-08-30 14:52:36.474 Swapp[33907:70b] Touch distance 2070
2014-08-30 14:52:36.561 Swapp[33907:70b] 480 300
2014-08-30 14:52:37.007 Swapp[33907:70b] 94
2014-08-30 14:52:37.007 Swapp[33907:70b] Touch distance 940
2014-08-30 14:52:37.107 Swapp[33907:70b] 480 300
2014-08-30 14:52:37.540 Swapp[33907:70b] 207
2014-08-30 14:52:37.540 Swapp[33907:70b] Touch distance 2070
2014-08-30 14:52:37.639 Swapp[33907:70b] 480 300
2014-08-30 14:52:38.090 Swapp[33907:70b] 209
2014-08-30 14:52:38.091 Swapp[33907:70b] Touch distance 2090
2014-08-30 14:52:38.159 Swapp[33907:70b] 480 300
2014-08-30 14:52:38.590 Swapp[33907:70b] 210
2014-08-30 14:52:38.590 Swapp[33907:70b] Touch distance 2100
2014-08-30 14:52:38.693 Swapp[33907:70b] 480 300
2014-08-30 14:52:39.074 Swapp[33907:70b] 84
2014-08-30 14:52:39.074 Swapp[33907:70b] Touch distance 840
2014-08-30 14:52:39.167 Swapp[33907:70b] 480 300
2014-08-30 14:52:39.196 Swapp[33907:70b] 480 300
2014-08-30 14:52:39.473 Swapp[33907:70b] 218
2014-08-30 14:52:39.473 Swapp[33907:70b] Touch distance 2180
2014-08-30 14:52:39.560 Swapp[33907:70b] 480 300
2014-08-30 14:52:39.588 Swapp[33907:70b] 480 300
2014-08-30 14:52:39.656 Swapp[33907:70b] 217
2014-08-30 14:52:39.657 Swapp[33907:70b] Touch distance 2170
2014-08-30 14:52:39.765 Swapp[33907:70b] 480 300
2014-08-30 14:52:39.786 Swapp[33907:70b] 480 300
2014-08-30 14:52:39.876 Swapp[33907:70b] 213
2014-08-30 14:52:39.877 Swapp[33907:70b] Touch distance 2130
2014-08-30 14:52:39.952 Swapp[33907:70b] 480 300
2014-08-30 14:52:39.987 Swapp[33907:70b] 480 300
2014-08-30 14:52:40.056 Swapp[33907:70b] 215
2014-08-30 14:52:40.056 Swapp[33907:70b] Touch distance 2150
2014-08-30 14:52:40.162 Swapp[33907:70b] 480 300
2014-08-30 14:52:40.225 Swapp[33907:70b] 480 300
2014-08-30 14:52:40.240 Swapp[33907:70b] 213
2014-08-30 14:52:40.240 Swapp[33907:70b] Touch distance 2130
2014-08-30 14:52:40.352 Swapp[33907:70b] 480 300
2014-08-30 14:52:40.405 Swapp[33907:70b] 480 300
2014-08-30 14:52:40.423 Swapp[33907:70b] 213
2014-08-30 14:52:40.423 Swapp[33907:70b] Touch distance 2130
2014-08-30 14:52:40.532 Swapp[33907:70b] 480 300
2014-08-30 14:52:40.582 Swapp[33907:70b] 480 300
2014-08-30 14:52:40.606 Swapp[33907:70b] 208
2014-08-30 14:52:40.606 Swapp[33907:70b] Touch distance 2080
2014-08-30 14:52:40.705 Swapp[33907:70b] 480 300
2014-08-30 14:52:40.753 Swapp[33907:70b] 480 300
2014-08-30 14:52:40.790 Swapp[33907:70b] 207
2014-08-30 14:52:40.790 Swapp[33907:70b] Touch distance 2070
2014-08-30 14:52:40.903 Swapp[33907:70b] 480 300
2014-08-30 14:52:40.931 Swapp[33907:70b] 480 300
2014-08-30 14:52:40.973 Swapp[33907:70b] 205
2014-08-30 14:52:40.973 Swapp[33907:70b] Touch distance 2050
2014-08-30 14:52:41.087 Swapp[33907:70b] 480 300
2014-08-30 14:52:41.141 Swapp[33907:70b] 480 300
2014-08-30 14:52:41.163 Swapp[33907:70b] 210
2014-08-30 14:52:41.163 Swapp[33907:70b] Touch distance 2100
2014-08-30 14:52:41.267 Swapp[33907:70b] 480 300
2014-08-30 14:52:41.318 Swapp[33907:70b] 480 300
2014-08-30 14:52:41.353 Swapp[33907:70b] 210
2014-08-30 14:52:41.353 Swapp[33907:70b] Touch distance 2100
2014-08-30 14:52:41.444 Swapp[33907:70b] 480 300
2014-08-30 14:52:41.509 Swapp[33907:70b] 480 300
2014-08-30 14:52:41.515 Swapp[33907:70b] 212
2014-08-30 14:52:41.516 Swapp[33907:70b] Touch distance 2120
2014-08-30 14:52:41.610 Swapp[33907:70b] 480 300
2014-08-30 14:52:41.649 Swapp[33907:70b] 480 300
2014-08-30 14:52:41.684 Swapp[33907:70b] 209
2014-08-30 14:52:41.684 Swapp[33907:70b] Touch distance 2090
2014-08-30 14:52:41.792 Swapp[33907:70b] 480 300
2014-08-30 14:52:41.824 Swapp[33907:70b] 480 300
2014-08-30 14:52:41.858 Swapp[33907:70b] 212
2014-08-30 14:52:41.859 Swapp[33907:70b] Touch distance 2120
2014-08-30 14:52:41.963 Swapp[33907:70b] 480 300
2014-08-30 14:52:42.001 Swapp[33907:70b] 480 300
2014-08-30 14:52:42.048 Swapp[33907:70b] 204
2014-08-30 14:52:42.048 Swapp[33907:70b] Touch distance 2040
2014-08-30 14:52:42.132 Swapp[33907:70b] 480 300
2014-08-30 14:52:42.171 Swapp[33907:70b] 480 300
2014-08-30 14:52:42.227 Swapp[33907:70b] 213
2014-08-30 14:52:42.227 Swapp[33907:70b] Touch distance 2130
2014-08-30 14:52:42.323 Swapp[33907:70b] 480 300
2014-08-30 14:52:42.375 Swapp[33907:70b] 480 300
2014-08-30 14:52:42.429 Swapp[33907:70b] 213
2014-08-30 14:52:42.429 Swapp[33907:70b] Touch distance 2130
2014-08-30 14:52:42.508 Swapp[33907:70b] 480 300
2014-08-30 14:52:42.547 Swapp[33907:70b] 480 300
2014-08-30 14:52:42.606 Swapp[33907:70b] 215
2014-08-30 14:52:42.607 Swapp[33907:70b] Touch distance 2150
2014-08-30 14:52:42.745 Swapp[33907:70b] 217
2014-08-30 14:52:42.746 Swapp[33907:70b] Touch distance 2170
2014-08-30 14:52:42.746 Swapp[33907:70b] 480 300
2014-08-30 14:52:42.839 Swapp[33907:70b] 480 300
2014-08-30 14:52:42.891 Swapp[33907:70b] 480 300
2014-08-30 14:52:42.898 Swapp[33907:70b] 219
2014-08-30 14:52:42.899 Swapp[33907:70b] Touch distance 2190
2014-08-30 14:52:42.991 Swapp[33907:70b] 480 300
2014-08-30 14:52:43.059 Swapp[33907:70b] 480 300
2014-08-30 14:52:43.064 Swapp[33907:70b] 217
2014-08-30 14:52:43.065 Swapp[33907:70b] Touch distance 2170
2014-08-30 14:52:43.180 Swapp[33907:70b] 480 300
2014-08-30 14:52:43.234 Swapp[33907:70b] 480 300
2014-08-30 14:52:43.271 Swapp[33907:70b] 218
2014-08-30 14:52:43.272 Swapp[33907:70b] Touch distance 2180
2014-08-30 14:52:43.373 Swapp[33907:70b] 480 300
2014-08-30 14:52:43.495 Swapp[33907:70b] 480 300
2014-08-30 14:52:43.641 Swapp[33907:70b] 223
2014-08-30 14:52:43.641 Swapp[33907:70b] Touch distance 2230
2014-08-30 14:52:43.641 Swapp[33907:70b] 480 300
2014-08-30 14:52:43.693 Swapp[33907:70b] 77
2014-08-30 14:52:43.693 Swapp[33907:70b] Touch distance 770
2014-08-30 14:52:43.727 Swapp[33907:70b] 480 300
2014-08-30 14:52:43.760 Swapp[33907:70b] 480 300
2014-08-30 14:52:43.810 Swapp[33907:70b] 480 300
2014-08-30 14:52:43.895 Swapp[33907:70b] 224
2014-08-30 14:52:43.895 Swapp[33907:70b] Touch distance 2240
2014-08-30 14:52:43.959 Swapp[33907:70b] 480 300
2014-08-30 14:52:44.009 Swapp[33907:70b] 480 300
2014-08-30 14:52:44.091 Swapp[33907:70b] 222
2014-08-30 14:52:44.091 Swapp[33907:70b] Touch distance 2220
2014-08-30 14:52:44.244 Swapp[33907:70b] 480 300
2014-08-30 14:52:44.256 Swapp[33907:70b] 77
2014-08-30 14:52:44.256 Swapp[33907:70b] Touch distance 770
2014-08-30 14:52:44.355 Swapp[33907:70b] 480 300
2014-08-30 14:52:44.356 Swapp[33907:70b] 480 300
2014-08-30 14:52:44.453 Swapp[33907:70b] 480 300
2014-08-30 14:52:44.453 Swapp[33907:70b] 71
2014-08-30 14:52:44.454 Swapp[33907:70b] Touch distance 710
2014-08-30 14:52:44.568 Swapp[33907:70b] 480 300
2014-08-30 14:52:44.667 Swapp[33907:70b] 480 300
2014-08-30 14:52:44.680 Swapp[33907:70b] 75
2014-08-30 14:52:44.680 Swapp[33907:70b] Touch distance 750
2014-08-30 14:52:44.796 Swapp[33907:70b] 480 300
2014-08-30 14:52:44.860 Swapp[33907:70b] 480 300
2014-08-30 14:52:45.712 Swapp[33907:70b] 62
2014-08-30 14:52:45.712 Swapp[33907:70b] Touch distance 620
2014-08-30 14:52:45.809 Swapp[33907:70b] 480 300
2014-08-30 14:52:45.852 Swapp[33907:70b] 480 300
2014-08-30 14:52:46.128 Swapp[33907:70b] 61
2014-08-30 14:52:46.129 Swapp[33907:70b] Touch distance 610
2014-08-30 14:52:46.245 Swapp[33907:70b] 480 300
2014-08-30 14:52:46.281 Swapp[33907:70b] 480 300
2014-08-30 14:52:46.529 Swapp[33907:70b] 59
2014-08-30 14:52:46.529 Swapp[33907:70b] Touch distance 590
2014-08-30 14:52:46.636 Swapp[33907:70b] 480 300
2014-08-30 14:52:46.674 Swapp[33907:70b] 480 300
2014-08-30 14:52:46.896 Swapp[33907:70b] 239
2014-08-30 14:52:46.896 Swapp[33907:70b] Touch distance 2390
2014-08-30 14:52:47.014 Swapp[33907:70b] 480 300
2014-08-30 14:52:47.050 Swapp[33907:70b] 480 300
2014-08-30 14:52:47.262 Swapp[33907:70b] 54
2014-08-30 14:52:47.262 Swapp[33907:70b] Touch distance 540
2014-08-30 14:52:47.370 Swapp[33907:70b] 480 300
2014-08-30 14:52:47.405 Swapp[33907:70b] 480 300
2014-08-30 14:52:47.629 Swapp[33907:70b] 240
2014-08-30 14:52:47.629 Swapp[33907:70b] Touch distance 2400
2014-08-30 14:52:47.754 Swapp[33907:70b] 480 300
2014-08-30 14:52:47.788 Swapp[33907:70b] 480 300
2014-08-30 14:52:47.991 Swapp[33907:70b] 245
2014-08-30 14:52:47.991 Swapp[33907:70b] Touch distance 2450
2014-08-30 14:52:48.065 Swapp[33907:70b] 480 300
2014-08-30 14:52:48.072 Swapp[33907:70b] 480 300
2014-08-30 14:52:54.205 Swapp[33907:70b] 480 300
2014-08-30 14:52:57.347 Swapp[33907:70b] 480 300
2014-08-30 14:53:00.134 Swapp[33907:70b] 480 300
2014-08-30 14:53:03.780 Swapp[33907:70b] 480 300
2014-08-30 14:53:06.952 Swapp[33907:70b] 480 300
